Build started 6/7/2021 9:38:10 PM.
     1>Project "D:\Projects\Online Marketplace Management System\Online Marketplace Management System.vcxproj" on node 2 (Build target(s)).
     1>ClCompile:
         C:\Program Files (x86)\Microsoft Visual Studio 14.0\VC\bin\CL.exe /c /ZI /nologo /W3 /WX- /sdl /Od /Oy- /D _MBCS /Gm /EHsc /RTC1 /MDd /GS /fp:precise /Zc:wchar_t /Zc:forScope /Zc:inline /Fo"Debug\\" /Fd"Debug\vc140.pdb" /Gd /TP /analyze- /errorReport:prompt cart.cpp customer.cpp product.cpp seller.cpp Source.cpp
         Source.cpp
     1>d:\projects\online marketplace management system\source.cpp(88): warning C4018: '<': signed/unsigned mismatch
     1>d:\projects\online marketplace management system\source.cpp(97): warning C4018: '<': signed/unsigned mismatch
     1>d:\projects\online marketplace management system\source.cpp(105): warning C4018: '<': signed/unsigned mismatch
     1>d:\projects\online marketplace management system\source.cpp(113): warning C4018: '<': signed/unsigned mismatch
     1>d:\projects\online marketplace management system\source.cpp(115): warning C4244: '+=': conversion from 'float' to 'int', possible loss of data
         seller.cpp
         product.cpp
         customer.cpp
         cart.cpp
         Generating Code...
       Link:
         C:\Program Files (x86)\Microsoft Visual Studio 14.0\VC\bin\link.exe /ERRORREPORT:PROMPT /OUT:"D:\Projects\Online Marketplace Management System\Debug\Online Marketplace Management System.exe" /INCREMENTAL /NOLOGO kernel32.lib user32.lib gdi32.lib winspool.lib comdlg32.lib advapi32.lib shell32.lib ole32.lib oleaut32.lib uuid.lib odbc32.lib odbccp32.lib /MANIFEST /MANIFESTUAC:"level='asInvoker' uiAccess='false'" /manifest:embed /Debug /PDB:"D:\Projects\Online Marketplace Management System\Debug\Online Marketplace Management System.pdb" /TLBID:1 /DYNAMICBASE /NXCOMPAT /IMPLIB:"D:\Projects\Online Marketplace Management System\Debug\Online Marketplace Management System.lib" /MACHINE:X86 Debug\cart.obj
         Debug\customer.obj
         Debug\product.obj
         Debug\seller.obj
         Debug\Source.obj
         Online Marketplace Management System.vcxproj -> D:\Projects\Online Marketplace Management System\Debug\Online Marketplace Management System.exe
     1>Done Building Project "D:\Projects\Online Marketplace Management System\Online Marketplace Management System.vcxproj" (Build target(s)).

Build succeeded.

Time Elapsed 00:00:03.40
